Arguments: 
  C:\Program Files\nodejs\node.exe C:\Users\weisj02\AppData\Roaming\npm\node_modules\yarn\bin\yarn.js add babel-core babel-eslint babel-loader babel-perset-es2015 --save-dev

PATH: 
  %SystemRoot%\system32\WindowsPowerShell\v1.0\;C:\windows\system32;C:\windows;C:\windows\System32\Wbem;C:\windows\System32\WindowsPowerShell\v1.0\;C:\Program Files (x86)\NVIDIA Corporation\PhysX\Common;C:\Program Files\Git\cmd;C:\Program Files\nodejs\;C:\Users\weisj02\AppData\Local\atom\bin;C:\Users\weisj02\AppData\Roaming\npm

Yarn version: 
  0.22.0

Node version: 
  7.9.0

Platform: 
  win32 x64

npm manifest: 
  {
    "name": "test",
    "version": "1.0.0",
    "description": "a test for vuejs",
    "main": "index.js",
    "scripts": {
      "test": "webpack-dev-server --host 0.0.0.0 --port 5008 --hot --inline"
    },
    "author": "wei",
    "license": "ISC",
    "dependencies": {
      "vue": "^2.2.6"
    },
    "devDependencies": {
      "css-loader": "^0.28.0",
      "html-webpack-plugin": "^2.28.0",
      "vue-loader": "^11.3.4",
      "vue-template-compiler": "^2.2.6",
      "webpack": "^2.4.1",
      "webpack-dev-server": "^2.4.4",
      "webpack-server": "^0.1.2"
    }
  }

yarn manifest: 
  No manifest

Lockfile: 
  No lockfile

Trace: 
  Error: http://registry.cnpmjs.org/babel-perset-es2015: not_found
      at Request.params.callback [as _callback] (C:\Users\weisj02\AppData\Roaming\npm\node_modules\yarn\lib\util\request-manager.js:313:18)
      at Request.self.callback (C:\Users\weisj02\AppData\Roaming\npm\node_modules\yarn\node_modules\request\request.js:188:22)
      at emitTwo (events.js:106:13)
      at Request.emit (events.js:194:7)
      at Request.<anonymous> (C:\Users\weisj02\AppData\Roaming\npm\node_modules\yarn\node_modules\request\request.js:1171:10)
      at emitOne (events.js:96:13)
      at Request.emit (events.js:191:7)
      at Gunzip.<anonymous> (C:\Users\weisj02\AppData\Roaming\npm\node_modules\yarn\node_modules\request\request.js:1091:12)
      at Object.onceWrapper (events.js:293:19)
      at emitNone (events.js:91:20)
